<?xml version="1.0" encoding="UTF-8"?>
<!-- Generated by org.testng.reporters.JUnitReportReporter -->
<testsuite hostname="DESKTOP-8RKA0KU" failures="0" tests="1" name="resolute.com.TestLayer.LoginTest_TC_LF_001" time="17.123" errors="0" timestamp="2023-05-24T09:55:03 IST" skipped="0">
  <testcase classname="resolute.com.TestLayer.LoginTest_TC_LF_001" name="verifyLogin" time="17.123"/>
  <system-out/>
</testsuite> <!-- resolute.com.TestLayer.LoginTest_TC_LF_001 -->
