<?xml version="1.0" encoding="UTF-8"?>
<!-- Generated by org.testng.reporters.JUnitReportReporter -->
<testsuite hostname="DESKTOP-8RKA0KU" failures="0" tests="1" name="resolute.com.TestLayer.LoginTest" time="14.650" errors="0" timestamp="2023-05-24T15:23:55 IST" skipped="0">
  <testcase classname="resolute.com.TestLayer.LoginTest" name="verifyLogin" time="14.650"/>
  <system-out/>
</testsuite> <!-- resolute.com.TestLayer.LoginTest -->
